<?xml version="1.0" encoding="UTF-8"?>
<!-- Generated by org.testng.reporters.JUnitReportReporter -->
<testsuite hostname="HYDPCM575428L" failures="0" tests="3" name="testClass.TC003_LoginDDT" time="6.991" errors="0" timestamp="2025-06-07T13:39:38 IST" skipped="0">
  <testcase classname="testClass.TC003_LoginDDT" name="verify_loginDDT" time="1.908"/>
  <testcase classname="testClass.TC003_LoginDDT" name="verify_loginDDT" time="2.892"/>
  <testcase classname="testClass.TC003_LoginDDT" name="verify_loginDDT" time="2.191"/>
</testsuite> <!-- testClass.TC003_LoginDDT -->
