<?xml version="1.0" encoding="UTF-8"?>
<!-- Generated by org.testng.reporters.JUnitReportReporter -->
<testsuite hostname="HYDPCM575428L" failures="0" tests="1" name="testClass.TC002_LoginTest" time="1.771" errors="0" timestamp="2025-06-07T13:39:38 IST" skipped="0">
  <testcase classname="testClass.TC002_LoginTest" name="verify_login" time="1.771"/>
</testsuite> <!-- testClass.TC002_LoginTest -->
