<?xml version="1.0" encoding="UTF-8"?>
<!-- Generated by org.testng.reporters.JUnitReportReporter -->
<testsuite hostname="HYDPCM575428L" failures="0" tests="1" name="testClass.TC001_AccountRegpage" time="2.576" errors="0" timestamp="2025-06-07T13:39:38 IST" skipped="0">
  <testcase classname="testClass.TC001_AccountRegpage" name="Regester" time="2.576"/>
</testsuite> <!-- testClass.TC001_AccountRegpage -->
