<?xml version="1.0" encoding="UTF-8"?>
<!-- Generated by org.testng.reporters.JUnitReportReporter -->
<testsuite hostname="HYDPCM575428L" failures="0" tests="2" name="testClass.TC001_AccountRegpage" time="8.110" errors="0" timestamp="2025-06-07T18:44:14 IST" skipped="0">
  <testcase classname="testClass.TC001_AccountRegpage" name="Regester" time="4.374"/>
  <testcase classname="testClass.TC001_AccountRegpage" name="Regester" time="3.736"/>
</testsuite> <!-- testClass.TC001_AccountRegpage -->
